<?xml version="1.0" encoding="UTF-8"?>
<!-- Generated by org.testng.reporters.JUnitXMLReporter -->
<testsuite ignored="0" hostname="WKWZTP9hkzSNER5" failures="2" tests="4" name="Test" time="165.418" errors="0" timestamp="2025-03-24T17:37:12 IST">
  <testcase classname="day3.Palindrome" name="fun" time="0.015"/>
  <testcase classname="day1.EvenLengthWord" name="evenLength" time="0.023">
    <failure type="java.lang.AssertionError" message="expected [1] but found [0]">
      <![CDATA[java.lang.AssertionError: expected [1] but found [0]
at day1.EvenLengthWord.evenLength(EvenLengthWord.java:26)
at java.base/java.util.ArrayList.forEach(ArrayList.java:1511)
... Removed 34 stack frames]]>
    </failure>
  </testcase> <!-- evenLength -->
  <testcase classname="day2.InsertString" name="usingCustom" time="15.107"/>
  <testcase classname="day4.CheckAnagram" name="checkAnagram" time="0.005">
    <failure type="java.lang.AssertionError" message="expected [false] but found [true]">
      <![CDATA[java.lang.AssertionError: expected [false] but found [true]
at day4.CheckAnagram.checkAnagram(CheckAnagram.java:27)
at java.base/java.util.ArrayList.forEach(ArrayList.java:1511)
... Removed 31 stack frames]]>
    </failure>
  </testcase> <!-- checkAnagram -->
</testsuite> <!-- Test -->
